[2020-09-14 09:44:49.660] [exthost] [info] extension host started
[2020-09-14 09:44:49.788] [exthost] [info] ExtensionService#_doActivateExtension vscode.microsoft-authentication {"startup":false,"extensionId":{"value":"vscode.microsoft-authentication","_lower":"vscode.microsoft-authentication"},"activationEvent":"onAuthenticationRequest:microsoft"}
[2020-09-14 09:44:49.797] [exthost] [info] ExtensionService#loadCommonJSModule file:///snap/code/43/usr/share/code/resources/app/extensions/microsoft-authentication/dist/extension.js
[2020-09-14 09:44:49.880] [exthost] [info] ExtensionService#_doActivateExtension vscode.github-authentication {"startup":false,"extensionId":{"value":"vscode.github-authentication","_lower":"vscode.github-authentication"},"activationEvent":"onAuthenticationRequest:github"}
[2020-09-14 09:44:49.880] [exthost] [info] ExtensionService#loadCommonJSModule file:///snap/code/43/usr/share/code/resources/app/extensions/github-authentication/dist/extension.js
[2020-09-14 09:44:49.903] [exthost] [info] ExtensionService#_doActivateExtension vscode.debug-auto-launch {"startup":true,"extensionId":{"value":"vscode.debug-auto-launch","_lower":"vscode.debug-auto-launch"},"activationEvent":"*"}
[2020-09-14 09:44:49.903] [exthost] [info] ExtensionService#loadCommonJSModule file:///snap/code/43/usr/share/code/resources/app/extensions/debug-auto-launch/dist/extension
[2020-09-14 09:44:49.918] [exthost] [info] ExtensionService#_doActivateExtension vscode.emmet {"startup":true,"extensionId":{"value":"vscode.emmet","_lower":"vscode.emmet"},"activationEvent":"*"}
[2020-09-14 09:44:49.918] [exthost] [info] ExtensionService#loadCommonJSModule file:///snap/code/43/usr/share/code/resources/app/extensions/emmet/dist/node/emmetNodeMain
[2020-09-14 09:44:49.954] [exthost] [info] ExtensionService#_doActivateExtension vscode.git {"startup":true,"extensionId":{"value":"vscode.github","_lower":"vscode.github"},"activationEvent":"*"}
[2020-09-14 09:44:49.954] [exthost] [info] ExtensionService#loadCommonJSModule file:///snap/code/43/usr/share/code/resources/app/extensions/git/dist/main
[2020-09-14 09:44:50.043] [exthost] [info] ExtensionService#_doActivateExtension vscode.merge-conflict {"startup":true,"extensionId":{"value":"vscode.merge-conflict","_lower":"vscode.merge-conflict"},"activationEvent":"*"}
[2020-09-14 09:44:50.043] [exthost] [info] ExtensionService#loadCommonJSModule file:///snap/code/43/usr/share/code/resources/app/extensions/merge-conflict/dist/mergeConflictMain
[2020-09-14 09:44:50.048] [exthost] [info] ExtensionService#_doActivateExtension vscode.search-result {"startup":true,"extensionId":{"value":"vscode.search-result","_lower":"vscode.search-result"},"activationEvent":"*"}
[2020-09-14 09:44:50.048] [exthost] [info] ExtensionService#loadCommonJSModule file:///snap/code/43/usr/share/code/resources/app/extensions/search-result/dist/extension.js
[2020-09-14 09:44:50.052] [exthost] [info] ExtensionService#_doActivateExtension vscode.npm {"startup":true,"extensionId":{"value":"vscode.npm","_lower":"vscode.npm"},"activationEvent":"workspaceContains:package.json"}
[2020-09-14 09:44:50.052] [exthost] [info] ExtensionService#loadCommonJSModule file:///snap/code/43/usr/share/code/resources/app/extensions/npm/dist/npmMain
[2020-09-14 09:44:50.126] [exthost] [info] ExtensionService#_doActivateExtension vscode.github {"startup":true,"extensionId":{"value":"vscode.github","_lower":"vscode.github"},"activationEvent":"*"}
[2020-09-14 09:44:50.126] [exthost] [info] ExtensionService#loadCommonJSModule file:///snap/code/43/usr/share/code/resources/app/extensions/github/dist/extension.js
[2020-09-14 09:44:50.214] [exthost] [info] eager extensions activated
[2020-09-14 09:48:28.314] [exthost] [info] ExtensionService#_doActivateExtension vscode.extension-editing {"startup":false,"extensionId":{"value":"vscode.extension-editing","_lower":"vscode.extension-editing"},"activationEvent":"onLanguage:typescript"}
[2020-09-14 09:48:28.314] [exthost] [info] ExtensionService#loadCommonJSModule file:///snap/code/43/usr/share/code/resources/app/extensions/extension-editing/dist/extensionEditingMain
[2020-09-14 09:48:28.380] [exthost] [info] ExtensionService#_doActivateExtension vscode.typescript-language-features {"startup":false,"extensionId":{"value":"vscode.typescript-language-features","_lower":"vscode.typescript-language-features"},"activationEvent":"onLanguage:typescript"}
[2020-09-14 09:48:28.380] [exthost] [info] ExtensionService#loadCommonJSModule file:///snap/code/43/usr/share/code/resources/app/extensions/typescript-language-features/dist/extension
[2020-09-14 09:48:41.898] [exthost] [info] ExtensionService#_doActivateExtension vscode.configuration-editing {"startup":false,"extensionId":{"value":"vscode.configuration-editing","_lower":"vscode.configuration-editing"},"activationEvent":"onLanguage:jsonc"}
[2020-09-14 09:48:41.898] [exthost] [info] ExtensionService#loadCommonJSModule file:///snap/code/43/usr/share/code/resources/app/extensions/configuration-editing/dist/configurationEditingMain
[2020-09-14 09:48:41.907] [exthost] [info] ExtensionService#_doActivateExtension vscode.json-language-features {"startup":false,"extensionId":{"value":"vscode.json-language-features","_lower":"vscode.json-language-features"},"activationEvent":"onLanguage:jsonc"}
[2020-09-14 09:48:41.908] [exthost] [info] ExtensionService#loadCommonJSModule file:///snap/code/43/usr/share/code/resources/app/extensions/json-language-features/client/dist/node/jsonClientMain
[2020-09-14 09:54:47.516] [exthost] [error] [vscode.typescript-language-features] provider FAILED
[2020-09-14 09:54:47.565] [exthost] [error] Error: DisposableStore is missing...
	at U._convertCompletionItem (/snap/code/43/usr/share/code/resources/app/out/vs/workbench/services/extensions/node/extensionHostProcess.js:725:365)
	at U.resolveCompletionItem (/snap/code/43/usr/share/code/resources/app/out/vs/workbench/services/extensions/node/extensionHostProcess.js:725:132)
	at runMicrotasks (<anonymous>)
	at processTicksAndRejections (internal/process/task_queues.js:94:5)
[2020-09-14 09:56:33.892] [exthost] [error] [vscode.typescript-language-features] provider FAILED
[2020-09-14 09:56:33.906] [exthost] [error] Error: DisposableStore is missing...
	at U._convertCompletionItem (/snap/code/43/usr/share/code/resources/app/out/vs/workbench/services/extensions/node/extensionHostProcess.js:725:365)
	at U.resolveCompletionItem (/snap/code/43/usr/share/code/resources/app/out/vs/workbench/services/extensions/node/extensionHostProcess.js:725:132)
	at runMicrotasks (<anonymous>)
	at processTicksAndRejections (internal/process/task_queues.js:94:5)
[2020-09-14 10:01:33.678] [exthost] [info] ExtensionService#_doActivateExtension vscode.html-language-features {"startup":false,"extensionId":{"value":"vscode.html-language-features","_lower":"vscode.html-language-features"},"activationEvent":"onLanguage:html"}
[2020-09-14 10:01:33.699] [exthost] [info] ExtensionService#loadCommonJSModule file:///snap/code/43/usr/share/code/resources/app/extensions/html-language-features/client/dist/node/htmlClientMain
