0 info it worked if it ends with ok
1 verbose cli [ '/usr/local/bin/node', '/usr/local/bin/npm', 'start' ]
2 info using npm@6.14.4
3 info using node@v12.16.2
4 verbose config Skipping project config: /usr/src/app/.npmrc. (matches userconfig)
5 verbose run-script [ 'prestart', 'start', 'poststart' ]
6 info lifecycle nodejs-jwt-auth@1.0.0~prestart: nodejs-jwt-auth@1.0.0
7 info lifecycle nodejs-jwt-auth@1.0.0~start: nodejs-jwt-auth@1.0.0
8 verbose lifecycle nodejs-jwt-auth@1.0.0~start: unsafe-perm in lifecycle true
9 verbose lifecycle nodejs-jwt-auth@1.0.0~start: PATH: /usr/local/lib/node_modules/npm/node_modules/npm-lifecycle/node-gyp-bin:/usr/src/app/node_modules/.bin:/usr/local/sbin:/usr/local/bin:/usr/sbin:/usr/bin:/sbin:/bin
10 verbose lifecycle nodejs-jwt-auth@1.0.0~start: CWD: /usr/src/app
11 silly lifecycle nodejs-jwt-auth@1.0.0~start: Args: [ '-c', 'node server.js' ]
12 silly lifecycle nodejs-jwt-auth@1.0.0~start: Returned: code: 1  signal: null
13 info lifecycle nodejs-jwt-auth@1.0.0~start: Failed to exec start script
14 verbose stack Error: nodejs-jwt-auth@1.0.0 start: `node server.js`
14 verbose stack Exit status 1
14 verbose stack     at EventEmitter.<anonymous> (/usr/local/lib/node_modules/npm/node_modules/npm-lifecycle/index.js:332:16)
14 verbose stack     at EventEmitter.emit (events.js:310:20)
14 verbose stack     at ChildProcess.<anonymous> (/usr/local/lib/node_modules/npm/node_modules/npm-lifecycle/lib/spawn.js:55:14)
14 verbose stack     at ChildProcess.emit (events.js:310:20)
14 verbose stack     at maybeClose (internal/child_process.js:1021:16)
14 verbose stack     at Process.ChildProcess._handle.onexit (internal/child_process.js:286:5)
15 verbose pkgid nodejs-jwt-auth@1.0.0
16 verbose cwd /usr/src/app
17 verbose Linux 4.15.0-1092-azure
18 verbose argv "/usr/local/bin/node" "/usr/local/bin/npm" "start"
19 verbose node v12.16.2
20 verbose npm  v6.14.4
21 error code ELIFECYCLE
22 error errno 1
23 error nodejs-jwt-auth@1.0.0 start: `node server.js`
23 error Exit status 1
24 error Failed at the nodejs-jwt-auth@1.0.0 start script.
24 error This is probably not a problem with npm. There is likely additional logging output above.
25 verbose exit [ 1, true ]
